<?xml version="1.0" encoding="UTF-8"?>
<!-- Generated by org.testng.reporters.JUnitXMLReporter -->
<testsuite ignored="5" hostname="TYSS-Piyush-Baldaniya" failures="0" tests="1" name="Default test" time="5.097" errors="0" timestamp="2026-07-14T12:32:04 IST">
  <testcase classname="tests.selfcontained.LoginFlowTest" name="loginTest" time="5.033"/>
  <testcase classname="tests.selfcontained.LoginFlowTest" name="testLoginWithInvalidPassword" time="0.0">
    <ignored/>
  </testcase> <!-- testLoginWithInvalidPassword -->
  <testcase classname="tests.selfcontained.LoginFlowTest" name="testLoginWithEmptyEmail" time="0.0">
    <ignored/>
  </testcase> <!-- testLoginWithEmptyEmail -->
  <testcase classname="tests.selfcontained.LoginFlowTest" name="testValidAdminLogin" time="0.0">
    <ignored/>
  </testcase> <!-- testValidAdminLogin -->
  <testcase classname="tests.selfcontained.LoginFlowTest" name="testValidPatientLogin" time="0.0">
    <ignored/>
  </testcase> <!-- testValidPatientLogin -->
  <testcase classname="tests.selfcontained.LoginFlowTest" name="testLoginWithEmptyPassword" time="0.0">
    <ignored/>
  </testcase> <!-- testLoginWithEmptyPassword -->
</testsuite> <!-- Default test -->
