<?xml version="1.0" encoding="UTF-8"?>
<!-- Generated by org.testng.reporters.JUnitXMLReporter -->
<testsuite ignored="3" hostname="TYSS-Piyush-Baldaniya" failures="0" tests="1" name="Default test" time="5.697" errors="0" timestamp="2026-07-06T11:43:55 IST">
  <testcase classname="tests.RegisterTests" name="testSuccessfulRegistration" time="5.618"/>
  <testcase classname="tests.RegisterTests" name="testRegistrationFailsWithShortPassword" time="0.0">
    <ignored/>
  </testcase> <!-- testRegistrationFailsWithShortPassword -->
  <testcase classname="tests.RegisterTests" name="testRegistrationFailsWithInvalidPhone" time="0.0">
    <ignored/>
  </testcase> <!-- testRegistrationFailsWithInvalidPhone -->
  <testcase classname="tests.RegisterTests" name="testRegistrationAndLoginChaining" time="0.0">
    <ignored/>
  </testcase> <!-- testRegistrationAndLoginChaining -->
</testsuite> <!-- Default test -->
