<?xml version="1.0" encoding="UTF-8"?>
<testng-results ignored="0" total="1" passed="1" failed="0" skipped="0">
  <reporter-output>
  </reporter-output>
  <suite started-at="2026-07-15T00:46:15 IST" name="Default suite" finished-at="2026-07-15T00:46:19 IST" duration-ms="4591">
    <groups>
    </groups>
    <test started-at="2026-07-15T00:46:15 IST" name="Default test" finished-at="2026-07-15T00:46:19 IST" duration-ms="4591">
      <class name="tests.selfcontained.RegisterFlowTest">
        <test-method signature="registerAndLogin()[pri:0, instance:tests.selfcontained.RegisterFlowTest@5bc9ba1d]" started-at="2026-07-15T00:46:15 IST" name="registerAndLogin" finished-at="2026-07-15T00:46:19 IST" duration-ms="4545" status="PASS">
          <reporter-output>
          </reporter-output>
        </test-method> <!-- registerAndLogin -->
      </class> <!-- tests.selfcontained.RegisterFlowTest -->
    </test> <!-- Default test -->
  </suite> <!-- Default suite -->
</testng-results>
