<?xml version="1.0" encoding="UTF-8"?>
<testng-results ignored="0" total="1" passed="1" failed="0" skipped="0">
  <reporter-output>
  </reporter-output>
  <suite started-at="2026-07-06T11:43:49 IST" name="Default suite" finished-at="2026-07-06T11:43:55 IST" duration-ms="5697">
    <groups>
    </groups>
    <test started-at="2026-07-06T11:43:49 IST" name="Default test" finished-at="2026-07-06T11:43:55 IST" duration-ms="5697">
      <class name="tests.RegisterTests">
        <test-method signature="testSuccessfulRegistration()[pri:0, instance:tests.RegisterTests@7e22550a]" started-at="2026-07-06T11:43:50 IST" name="testSuccessfulRegistration" description="Verify successful registration of a new user with unique details" finished-at="2026-07-06T11:43:55 IST" duration-ms="5618" status="PASS">
          <reporter-output>
          </reporter-output>
        </test-method> <!-- testSuccessfulRegistration -->
      </class> <!-- tests.RegisterTests -->
    </test> <!-- Default test -->
  </suite> <!-- Default suite -->
</testng-results>
